::1:56693 [200]: /about/
::1:60491 [200]: /styles.160a54be42c506a4ea029cd7c9be3d53.css
::1:58278 [200]: /logo-cecil.0eeebac4e4a6dc556eaf1d8516651d75.svg
::1:62464 [200]: /favicon.a1a341d8af398f91aa342189428bbdcf.ico
::1:64430 [200]: /about/
::1:62174 [200]: /styles.160a54be42c506a4ea029cd7c9be3d53.css
::1:61086 [200]: /logo-cecil.0eeebac4e4a6dc556eaf1d8516651d75.svg
::1:56180 [200]: /about/
::1:50423 [200]: /styles.160a54be42c506a4ea029cd7c9be3d53.css
::1:62058 [200]: /logo-cecil.0eeebac4e4a6dc556eaf1d8516651d75.svg
::1:54006 [200]: /about/
::1:60342 [200]: /styles.160a54be42c506a4ea029cd7c9be3d53.css
::1:51674 [200]: /logo-cecil.0eeebac4e4a6dc556eaf1d8516651d75.svg
::1:57631 [200]: /about/
::1:59842 [200]: /styles.160a54be42c506a4ea029cd7c9be3d53.css
::1:56374 [200]: /logo-cecil.0eeebac4e4a6dc556eaf1d8516651d75.svg
::1:55038 [200]: /blog/
::1:57816 [200]: /styles.160a54be42c506a4ea029cd7c9be3d53.css
::1:56787 [200]: /logo-cecil.0eeebac4e4a6dc556eaf1d8516651d75.svg
::1:62762 [200]: /section/
::1:50492 [200]: /styles.160a54be42c506a4ea029cd7c9be3d53.css
::1:60332 [200]: /logo-cecil.0eeebac4e4a6dc556eaf1d8516651d75.svg
::1:54080 [200]: /authoring-content/
::1:52579 [200]: /styles.160a54be42c506a4ea029cd7c9be3d53.css
::1:60857 [200]: /logo-cecil.0eeebac4e4a6dc556eaf1d8516651d75.svg
::1:53551 [200]: /favicon.c1af8a129a0cde81f9b94ffbf452e10b.png
::1:50452 [200]: /authoring-content/
::1:57743 [200]: /styles.160a54be42c506a4ea029cd7c9be3d53.css
::1:53926 [200]: /logo-cecil.0eeebac4e4a6dc556eaf1d8516651d75.svg
::1:50974 [200]: /favicon.c1af8a129a0cde81f9b94ffbf452e10b.png
::1:55519 [200]: /about/
::1:56167 [200]: /styles.160a54be42c506a4ea029cd7c9be3d53.css
::1:58406 [200]: /logo-cecil.0eeebac4e4a6dc556eaf1d8516651d75.svg
::1:64427 [200]: /authoring-content/
::1:56922 [200]: /styles.160a54be42c506a4ea029cd7c9be3d53.css
::1:52100 [200]: /logo-cecil.0eeebac4e4a6dc556eaf1d8516651d75.svg
::1:49860 [200]: /favicon.c1af8a129a0cde81f9b94ffbf452e10b.png
::1:58601 [200]: /section/
::1:52387 [200]: /styles.160a54be42c506a4ea029cd7c9be3d53.css
::1:62424 [200]: /logo-cecil.0eeebac4e4a6dc556eaf1d8516651d75.svg
::1:57075 [200]: /blog/
::1:60578 [200]: /styles.160a54be42c506a4ea029cd7c9be3d53.css
::1:62253 [200]: /logo-cecil.0eeebac4e4a6dc556eaf1d8516651d75.svg
::1:60870 [200]: /
::1:61641 [200]: /styles.160a54be42c506a4ea029cd7c9be3d53.css
::1:64914 [200]: /logo-cecil.0eeebac4e4a6dc556eaf1d8516651d75.svg
::1:64699 [200]: /
::1:63520 [200]: /styles.160a54be42c506a4ea029cd7c9be3d53.css
::1:54244 [200]: /logo-cecil.0eeebac4e4a6dc556eaf1d8516651d75.svg
::1:60559 [200]: /blog/
::1:49950 [200]: /styles.160a54be42c506a4ea029cd7c9be3d53.css
::1:54012 [200]: /logo-cecil.0eeebac4e4a6dc556eaf1d8516651d75.svg
::1:57018 [200]: /section/
::1:58151 [200]: /styles.160a54be42c506a4ea029cd7c9be3d53.css
::1:58961 [200]: /logo-cecil.0eeebac4e4a6dc556eaf1d8516651d75.svg
::1:55257 [200]: /authoring-content/
::1:53372 [200]: /styles.160a54be42c506a4ea029cd7c9be3d53.css
::1:61898 [200]: /logo-cecil.0eeebac4e4a6dc556eaf1d8516651d75.svg
::1:55698 [200]: /favicon.c1af8a129a0cde81f9b94ffbf452e10b.png
::1:53904 [200]: /authoring-content/
::1:54018 [200]: /styles.160a54be42c506a4ea029cd7c9be3d53.css
::1:53709 [200]: /logo-cecil.0eeebac4e4a6dc556eaf1d8516651d75.svg
::1:64584 [200]: /favicon.c1af8a129a0cde81f9b94ffbf452e10b.png
::1:58754 [200]: /about/
::1:51295 [200]: /styles.160a54be42c506a4ea029cd7c9be3d53.css
::1:65260 [200]: /logo-cecil.0eeebac4e4a6dc556eaf1d8516651d75.svg
::1:62562 [200]: /about/
::1:59277 [200]: /styles.160a54be42c506a4ea029cd7c9be3d53.css
::1:60076 [200]: /logo-cecil.0eeebac4e4a6dc556eaf1d8516651d75.svg
::1:60862 [200]: /
::1:57994 [200]: /styles.160a54be42c506a4ea029cd7c9be3d53.css
::1:56330 [200]: /logo-cecil.0eeebac4e4a6dc556eaf1d8516651d75.svg
::1:64616 [200]: /
::1:52406 [200]: /styles.160a54be42c506a4ea029cd7c9be3d53.css
::1:51823 [200]: /logo-cecil.0eeebac4e4a6dc556eaf1d8516651d75.svg
::1:64901 [200]: /blog/
::1:59568 [200]: /styles.160a54be42c506a4ea029cd7c9be3d53.css
::1:58619 [200]: /logo-cecil.0eeebac4e4a6dc556eaf1d8516651d75.svg
::1:59896 [200]: /
::1:58337 [200]: /styles.160a54be42c506a4ea029cd7c9be3d53.css
::1:49402 [200]: /logo-cecil.0eeebac4e4a6dc556eaf1d8516651d75.svg
::1:51825 [200]: /authoring-content/
::1:63545 [200]: /styles.160a54be42c506a4ea029cd7c9be3d53.css
::1:55883 [200]: /logo-cecil.0eeebac4e4a6dc556eaf1d8516651d75.svg
::1:50641 [200]: /favicon.c1af8a129a0cde81f9b94ffbf452e10b.png
::1:60918 [200]: /authoring-content/
::1:51670 [200]: /styles.160a54be42c506a4ea029cd7c9be3d53.css
::1:50813 [200]: /logo-cecil.0eeebac4e4a6dc556eaf1d8516651d75.svg
::1:50107 [200]: /favicon.c1af8a129a0cde81f9b94ffbf452e10b.png
::1:55886 [200]: /about/
::1:60113 [200]: /styles.160a54be42c506a4ea029cd7c9be3d53.css
::1:51158 [200]: /logo-cecil.0eeebac4e4a6dc556eaf1d8516651d75.svg
::1:62703 [200]: /authoring-content/
::1:57133 [200]: /styles.160a54be42c506a4ea029cd7c9be3d53.css
::1:54470 [200]: /logo-cecil.0eeebac4e4a6dc556eaf1d8516651d75.svg
::1:54188 [200]: /favicon.c1af8a129a0cde81f9b94ffbf452e10b.png
::1:57648 [200]: /
::1:57647 [200]: /styles.160a54be42c506a4ea029cd7c9be3d53.css
::1:57649 [200]: /logo-cecil.0eeebac4e4a6dc556eaf1d8516651d75.svg
::1:57651 [200]: /
::1:57652 [200]: /styles.160a54be42c506a4ea029cd7c9be3d53.css
::1:57653 [200]: /logo-cecil.0eeebac4e4a6dc556eaf1d8516651d75.svg
::1:57655 [200]: /favicon.a1a341d8af398f91aa342189428bbdcf.ico
::1:57656 [200]: /thumbnails/180/favicon.c1af8a129a0cde81f9b94ffbf452e10b.png
::1:57657 [200]: /favicon.a1a341d8af398f91aa342189428bbdcf.ico
::1:52789 [200]: /
::1:52790 [200]: /styles.160a54be42c506a4ea029cd7c9be3d53.css
::1:52791 [200]: /logo-cecil.0eeebac4e4a6dc556eaf1d8516651d75.svg
::1:52793 [200]: /
::1:52794 [200]: /styles.160a54be42c506a4ea029cd7c9be3d53.css
::1:52795 [200]: /logo-cecil.0eeebac4e4a6dc556eaf1d8516651d75.svg
::1:52797 [200]: /favicon.a1a341d8af398f91aa342189428bbdcf.ico
::1:52798 [200]: /thumbnails/180/favicon.c1af8a129a0cde81f9b94ffbf452e10b.png
::1:52799 [200]: /favicon.a1a341d8af398f91aa342189428bbdcf.ico
::1:63366 [200]: /
::1:63367 [200]: /styles.160a54be42c506a4ea029cd7c9be3d53.css
::1:63368 [200]: /logo-cecil.0eeebac4e4a6dc556eaf1d8516651d75.svg
::1:63370 [200]: /favicon.a1a341d8af398f91aa342189428bbdcf.ico
::1:63371 [200]: /thumbnails/180/favicon.c1af8a129a0cde81f9b94ffbf452e10b.png
::1:63372 [200]: /favicon.a1a341d8af398f91aa342189428bbdcf.ico
::1:61547 [200]: /
::1:61548 [200]: /styles.160a54be42c506a4ea029cd7c9be3d53.css
::1:61551 [200]: /logo-cecil.0eeebac4e4a6dc556eaf1d8516651d75.svg
::1:61744 [200]: /
::1:61745 [200]: /styles.160a54be42c506a4ea029cd7c9be3d53.css
::1:61746 [200]: /logo-cecil.0eeebac4e4a6dc556eaf1d8516651d75.svg
::1:61748 [200]: /favicon.a1a341d8af398f91aa342189428bbdcf.ico
::1:61749 [200]: /thumbnails/180/favicon.c1af8a129a0cde81f9b94ffbf452e10b.png
::1:61750 [200]: /favicon.a1a341d8af398f91aa342189428bbdcf.ico
::1:61763 [200]: /
::1:61764 [200]: /styles.160a54be42c506a4ea029cd7c9be3d53.css
::1:61765 [200]: /logo-cecil.0eeebac4e4a6dc556eaf1d8516651d75.svg
::1:61767 [200]: /favicon.a1a341d8af398f91aa342189428bbdcf.ico
::1:61768 [200]: /thumbnails/180/favicon.c1af8a129a0cde81f9b94ffbf452e10b.png
::1:61769 [200]: /favicon.a1a341d8af398f91aa342189428bbdcf.ico
::1:61793 [200]: /about/
::1:61794 [200]: /styles.160a54be42c506a4ea029cd7c9be3d53.css
::1:61795 [200]: /logo-cecil.0eeebac4e4a6dc556eaf1d8516651d75.svg
::1:61799 [200]: /about/
::1:61801 [200]: /styles.160a54be42c506a4ea029cd7c9be3d53.css
::1:61802 [200]: /logo-cecil.0eeebac4e4a6dc556eaf1d8516651d75.svg
::1:61856 [200]: /about/
::1:61857 [200]: /styles.160a54be42c506a4ea029cd7c9be3d53.css
::1:61858 [200]: /logo-cecil.0eeebac4e4a6dc556eaf1d8516651d75.svg
::1:61860 [200]: /favicon.a1a341d8af398f91aa342189428bbdcf.ico
::1:61861 [200]: /thumbnails/180/favicon.c1af8a129a0cde81f9b94ffbf452e10b.png
::1:61862 [200]: /favicon.a1a341d8af398f91aa342189428bbdcf.ico
::1:61874 [200]: /about/
::1:61875 [200]: /styles.160a54be42c506a4ea029cd7c9be3d53.css
::1:61876 [200]: /logo-cecil.0eeebac4e4a6dc556eaf1d8516651d75.svg
::1:61878 [200]: /favicon.a1a341d8af398f91aa342189428bbdcf.ico
::1:61879 [200]: /thumbnails/180/favicon.c1af8a129a0cde81f9b94ffbf452e10b.png
::1:61880 [200]: /favicon.a1a341d8af398f91aa342189428bbdcf.ico
::1:62098 [200]: /authoring-content/
::1:62099 [200]: /styles.160a54be42c506a4ea029cd7c9be3d53.css
::1:62100 [200]: /logo-cecil.0eeebac4e4a6dc556eaf1d8516651d75.svg
::1:62102 [200]: /favicon.c1af8a129a0cde81f9b94ffbf452e10b.png
::1:62131 [200]: /
::1:62132 [200]: /styles.160a54be42c506a4ea029cd7c9be3d53.css
::1:62133 [200]: /logo-cecil.0eeebac4e4a6dc556eaf1d8516651d75.svg
::1:58731 [200]: /
::1:49861 [200]: /
::1:64112 [200]: /favicon.a1a341d8af398f91aa342189428bbdcf.ico
::1:63421 [200]: /favicon.a1a341d8af398f91aa342189428bbdcf.ico
::1:59814 [200]: /about/
::1:63844 [200]: /
::1:62021 [200]: /blog/
::1:62512 [200]: /section/
::1:55949 [200]: /authoring-content/
::1:54148 [200]: /favicon.c1af8a129a0cde81f9b94ffbf452e10b.png
::1:64858 [200]: /authoring-content/
::1:51719 [200]: /favicon.c1af8a129a0cde81f9b94ffbf452e10b.png
::1:53662 [200]: /about/
::1:62192 [200]: /
::1:62115 [200]: /about/
::1:64490 [200]: /section/
::1:55955 [200]: /authoring-content/
::1:56394 [200]: /favicon.c1af8a129a0cde81f9b94ffbf452e10b.png
::1:63933 [200]: /authoring-content/
::1:55836 [200]: /favicon.c1af8a129a0cde81f9b94ffbf452e10b.png
::1:65009 [200]: /about/
::1:61180 [200]: /authoring-content/
::1:58399 [200]: /favicon.c1af8a129a0cde81f9b94ffbf452e10b.png
::1:56527 [200]: /authoring-content/
::1:53396 [200]: /favicon.c1af8a129a0cde81f9b94ffbf452e10b.png
::1:52454 [200]: /section/
::1:62547 [200]: /blog/
::1:57164 [200]: /
::1:50283 [200]: /
::1:55734 [200]: /favicon.a1a341d8af398f91aa342189428bbdcf.ico
::1:59864 [200]: /
::1:51121 [200]: /
::1:58123 [200]: /
::1:64058 [200]: /blog/
::1:50626 [200]: /section/
::1:60615 [200]: /authoring-content/
::1:52573 [200]: /favicon.c1af8a129a0cde81f9b94ffbf452e10b.png
::1:50942 [200]: /authoring-content/
::1:52138 [200]: /favicon.c1af8a129a0cde81f9b94ffbf452e10b.png
::1:57737 [200]: /authoring-content/
::1:57882 [200]: /favicon.c1af8a129a0cde81f9b94ffbf452e10b.png
::1:60094 [200]: /about/
::1:52654 [200]: /authoring-content/
::1:57678 [200]: /favicon.c1af8a129a0cde81f9b94ffbf452e10b.png
::1:65485 [200]: /authoring-content/
::1:55727 [200]: /favicon.c1af8a129a0cde81f9b94ffbf452e10b.png
::1:52388 [200]: /authoring-content/
::1:56770 [200]: /favicon.c1af8a129a0cde81f9b94ffbf452e10b.png
::1:62750 [200]: /authoring-content/
::1:56497 [200]: /favicon.c1af8a129a0cde81f9b94ffbf452e10b.png
::1:55901 [200]: /section/
::1:56443 [200]: /authoring-content/
::1:64880 [200]: /favicon.c1af8a129a0cde81f9b94ffbf452e10b.png
::1:54141 [200]: /authoring-content/
::1:62530 [200]: /favicon.c1af8a129a0cde81f9b94ffbf452e10b.png
::1:52165 [200]: /about/
::1:61165 [200]: /authoring-content/
::1:57129 [200]: /favicon.c1af8a129a0cde81f9b94ffbf452e10b.png
::1:49840 [200]: /authoring-content/
::1:63205 [200]: /favicon.c1af8a129a0cde81f9b94ffbf452e10b.png
::1:55196 [200]: /section/
::1:52707 [200]: /blog/
::1:59352 [200]: /authoring-content/
::1:58041 [200]: /favicon.c1af8a129a0cde81f9b94ffbf452e10b.png
::1:58659 [200]: /authoring-content/
::1:59619 [200]: /favicon.c1af8a129a0cde81f9b94ffbf452e10b.png
::1:63581 [200]: /section/
::1:63086 [200]: /authoring-content/
::1:60920 [200]: /favicon.c1af8a129a0cde81f9b94ffbf452e10b.png
::1:52854 [200]: /
::1:61093 [200]: /blog/
::1:51006 [200]: /blog/post-6/
::1:54628 [200]: /blog/post-5/
::1:50983 [200]: /
::1:64060 [200]: /
::1:64699 [200]: /blog/
::1:49679 [200]: /
::1:49886 [200]: /
::1:55976 [200]: /
::1:59117 [200]: /
::1:52962 [200]: /favicon.a1a341d8af398f91aa342189428bbdcf.ico
::1:62571 [200]: /
::1:64896 [200]: /favicon.a1a341d8af398f91aa342189428bbdcf.ico
::1:50412 [200]: /
::1:63943 [200]: /favicon.a1a341d8af398f91aa342189428bbdcf.ico
::1:56068 [200]: /
::1:63448 [200]: /blog/
::1:51848 [200]: /
::1:51799 [200]: /
::1:53206 [200]: /favicon.a1a341d8af398f91aa342189428bbdcf.ico
::1:55860 [200]: /
::1:56954 [200]: /favicon.a1a341d8af398f91aa342189428bbdcf.ico
::1:61302 [200]: /
::1:51316 [200]: /favicon.a1a341d8af398f91aa342189428bbdcf.ico
::1:60514 [200]: /
::1:63556 [200]: /favicon.a1a341d8af398f91aa342189428bbdcf.ico
::1:55439 [404]: /
::1:49751 [404]: /favicon.ico
::1:55305 [200]: /
::1:55637 [200]: /favicon.a1a341d8af398f91aa342189428bbdcf.ico
::1:65282 [200]: /
::1:54891 [200]: /favicon.a1a341d8af398f91aa342189428bbdcf.ico
::1:60374 [200]: /
::1:53957 [200]: /favicon.a1a341d8af398f91aa342189428bbdcf.ico
::1:60078 [200]: /
::1:59715 [200]: /favicon.a1a341d8af398f91aa342189428bbdcf.ico
::1:63528 [200]: /
::1:52480 [200]: /favicon.a1a341d8af398f91aa342189428bbdcf.ico
::1:54484 [200]: /
::1:61667 [200]: /favicon.a1a341d8af398f91aa342189428bbdcf.ico
::1:60330 [200]: /
::1:64444 [404]: /favicon.a1a341d8af398f91aa342189428bbdcf.ico
::1:62563 [404]: /thumbnails/32/favicon.c1af8a129a0cde81f9b94ffbf452e10b.png
::1:63452 [404]: /thumbnails/57/favicon.c1af8a129a0cde81f9b94ffbf452e10b.png
::1:63367 [404]: /thumbnails/76/favicon.c1af8a129a0cde81f9b94ffbf452e10b.png
::1:60775 [404]: /thumbnails/96/favicon.c1af8a129a0cde81f9b94ffbf452e10b.png
::1:63372 [404]: /thumbnails/128/favicon.c1af8a129a0cde81f9b94ffbf452e10b.png
::1:51464 [404]: /thumbnails/192/favicon.c1af8a129a0cde81f9b94ffbf452e10b.png
::1:64469 [404]: /thumbnails/196/favicon.c1af8a129a0cde81f9b94ffbf452e10b.png
::1:57690 [404]: /thumbnails/228/favicon.c1af8a129a0cde81f9b94ffbf452e10b.png
::1:63151 [200]: /
::1:49299 [200]: /
::1:53792 [200]: /
::1:52956 [200]: /
::1:49152 [200]: /
::1:54415 [200]: /
::1:56093 [200]: /
::1:53476 [200]: /
::1:64318 [200]: /
::1:60785 [200]: /
::1:51592 [200]: /
::1:60751 [200]: /
::1:62185 [200]: /
::1:60265 [200]: /
::1:60025 [200]: /
::1:59556 [200]: /
::1:63586 [200]: /
::1:51168 [200]: /
::1:60141 [200]: /
::1:59959 [200]: /
::1:57989 [200]: /
::1:61454 [200]: /
::1:54976 [200]: /
::1:56981 [200]: /
::1:59152 [200]: /
::1:58219 [200]: /
::1:52958 [200]: /
::1:52092 [200]: /
::1:53221 [200]: /
::1:51163 [200]: /blog/
::1:50454 [200]: /section/
::1:57185 [200]: /
::1:62489 [200]: /blog/
::1:53794 [200]: /section/
::1:64020 [200]: /section/page-1/
::1:53763 [200]: /blog/
::1:50707 [200]: /blog/
::1:64601 [200]: /blog/page/2/
::1:60421 [200]: /blog/post-1/
::1:55389 [200]: /blog/
::1:63914 [200]: /blog/post-6/
::1:62695 [200]: /
::1:60474 [200]: /blog/
::1:55447 [200]: /authoring-content/
::1:54617 [200]: /favicon.c1af8a129a0cde81f9b94ffbf452e10b.png
::1:56371 [200]: /authoring-content/
::1:62100 [200]: /favicon.c1af8a129a0cde81f9b94ffbf452e10b.png
::1:61961 [200]: /about/
::1:64435 [200]: /blog/
::1:54265 [200]: /blog/
::1:56453 [200]: /blog/
::1:58271 [200]: /
::1:55634 [200]: /blog/
::1:55566 [200]: /section/
::1:55260 [200]: /authoring-content/
::1:61542 [200]: /favicon.c1af8a129a0cde81f9b94ffbf452e10b.png
::1:64662 [200]: /about/
::1:53137 [200]: /about/
::1:64860 [200]: /authoring-content/
::1:65218 [200]: /favicon.c1af8a129a0cde81f9b94ffbf452e10b.png
::1:58876 [200]: /section/
::1:65474 [200]: /blog/
::1:55071 [200]: /
::1:59941 [200]: /blog/
::1:54517 [200]: /blog/
::1:60915 [200]: /blog/
::1:55071 [200]: /blog/
::1:65239 [200]: /blog/
::1:55995 [200]: /blog/
::1:50820 [200]: /blog/
::1:53921 [200]: /blog/
::1:56468 [200]: /blog/
::1:55588 [200]: /blog/
::1:49862 [200]: /blog/
::1:58371 [200]: /blog/
::1:53507 [200]: /blog/
::1:52977 [200]: /blog/
::1:56424 [200]: /blog/
::1:52086 [200]: /section/
::1:57425 [200]: /blog/
::1:50385 [200]: /blog/
::1:55391 [200]: /blog/
::1:57056 [200]: /blog/
::1:63261 [200]: /blog/
::1:56160 [200]: /blog/
::1:63289 [200]: /blog/
::1:55539 [200]: /blog/
::1:57501 [200]: /blog/post-6/
::1:57804 [200]: /blog/
::1:52561 [200]: /section/
::1:64370 [200]: /section/page-1/
::1:51566 [200]: /section/
::1:65052 [200]: /section/page-2/
::1:53241 [200]: /section/
::1:59941 [200]: /blog/
::1:53701 [200]: /blog/
::1:55363 [200]: /blog/post-6/
::1:53105 [200]: /blog/post-5/
::1:50106 [200]: /blog/post-5/
::1:55998 [200]: /blog/post-5/
::1:58119 [200]: /blog/post-5/
::1:64929 [404]: /blog/post-5/
::1:51843 [404]: /blog/post-5/
::1:62311 [404]: /blog/post-5/
::1:63984 [404]: /blog/post-5/
::1:65288 [404]: /blog/post-5/
::1:53655 [404]: /blog/post-5/
::1:49848 [404]: /blog/post-5/
::1:61120 [404]: /blog/post-5/
::1:56782 [200]: /blog/
::1:60222 [200]: /blog/post-1/
::1:60021 [200]: /blog/
::1:64918 [200]: /section/
::1:63696 [200]: /section/2/
::1:65488 [200]: /section/
::1:53696 [200]: /section/1/
::1:62501 [200]: /section/
::1:51787 [200]: /section/2/
::1:53559 [200]: /section/
::1:56773 [200]: /section/1/
::1:55979 [404]: /section/1/
::1:62458 [200]: /section/1/
::1:64939 [200]: /section/1/
::1:57095 [404]: /section/1/
::1:57780 [404]: /section/1/
::1:53195 [404]: /section/1/
::1:54207 [200]: /
::1:59374 [404]: /section/1/
::1:58467 [200]: /blog/
::1:56198 [200]: /
::1:50434 [200]: /
::1:60894 [200]: /blog/
::1:55682 [200]: /
::1:63641 [200]: /blog/
::1:56252 [200]: /blog/
::1:52580 [200]: /blog/
::1:54597 [200]: /blog/
::1:57157 [200]: /blog/
::1:61102 [200]: /blog/
::1:64682 [200]: /
::1:60291 [200]: /blog/
::1:61586 [200]: /section/
::1:59420 [200]: /authoring-content/
::1:53933 [200]: /favicon.c1af8a129a0cde81f9b94ffbf452e10b.png
::1:52639 [200]: /section/
::1:53194 [200]: /blog/
::1:52390 [200]: /blog/
::1:64101 [200]: /blog/
::1:49679 [404]: /blog/
::1:61505 [404]: /blog/
::1:55676 [200]: /a-propos/
::1:60380 [200]: /a-propos/1/
::1:58068 [200]: /a-propos/
::1:59427 [200]: /a-propos/1/
::1:58679 [200]: /section/
::1:61436 [200]: /
::1:58642 [200]: /
::1:53962 [200]: /a-propos/
::1:51538 [200]: /a-propos/1/
::1:55562 [200]: /a-propos/
::1:52027 [200]: /
::1:64605 [200]: /a-propos/
::1:53375 [200]: /a-propos/1/
::1:65315 [200]: /section/
::1:62203 [200]: /section/competences/
::1:53682 [200]: /section/
::1:53701 [200]: /section/a-propo-de-moi/
::1:50191 [200]: /section/
::1:64650 [200]: /authoring-content/
::1:57986 [200]: /favicon.c1af8a129a0cde81f9b94ffbf452e10b.png
::1:50802 [200]: /authoring-content/
::1:53288 [200]: /favicon.c1af8a129a0cde81f9b94ffbf452e10b.png
::1:64894 [404]: /authoring-content/
::1:59588 [404]: /authoring-content/
::1:62790 [404]: /authoring-content/
::1:60775 [404]: /authoring-content/
::1:54625 [404]: /authoring-content/
::1:50265 [200]: /section/
::1:56553 [200]: /section/
::1:60535 [200]: /section/
::1:57481 [200]: /section/
::1:52477 [200]: /a-propos/
::1:62577 [200]: /
::1:57967 [200]: /a-propos/
::1:59239 [200]: /section/
::1:61408 [200]: /about/
::1:62182 [200]: /section/
::1:59487 [200]: /section/
::1:63330 [200]: /section/
::1:49874 [200]: /section/
::1:63234 [200]: /section/
::1:57675 [200]: /a-propos/
::1:65143 [200]: /a-propos/1/
::1:62033 [200]: /section/
::1:49936 [200]: /section/competences/
::1:58225 [200]: /a-propos/
::1:50254 [200]: /a-propos/1/
::1:52676 [200]: /section/
::1:65274 [200]: /section/a-propo-de-moi/
::1:64910 [200]: /section/
::1:60571 [200]: /section/competences/
::1:49755 [200]: /a-propos/
::1:54676 [200]: /a-propos/1/
::1:51039 [200]: /
::1:61138 [200]: /a-propos/
::1:53576 [200]: /a-propos/1/
::1:59831 [200]: /a-propos/
::1:58929 [200]: /section/
::1:59559 [200]: /a-propos/
::1:57946 [200]: /a-propos/1/
::1:49929 [200]: /section/
::1:63916 [200]: /a-propos/
::1:49692 [200]: /section/
::1:49704 [200]: /about/
::1:55114 [200]: /about/
::1:63103 [200]: /about/
::1:62711 [200]: /about/
::1:62556 [200]: /about/
::1:54817 [200]: /
::1:51983 [200]: /a-propos/
::1:60469 [200]: /section/
::1:59727 [200]: /about/
::1:57302 [200]: /about/
::1:59960 [200]: /a-propos/
::1:56575 [200]: /
::1:50981 [200]: /section/
::1:60466 [200]: /about/
::1:59363 [200]: /a-propos/
::1:65075 [200]: /
::1:56753 [200]: /a-propos/
::1:49678 [200]: /section/
::1:60432 [200]: /about/
::1:52903 [200]: /about/
::1:63554 [200]: /about/
::1:61326 [200]: /about/
::1:54987 [200]: /about/
::1:64448 [200]: /about/
::1:53283 [200]: /about/
::1:63105 [200]: /
::1:62257 [200]: /about/
::1:61403 [200]: /
::1:52321 [200]: /section/
::1:60031 [200]: /section/a-propo-de-moi-suite/
::1:56262 [200]: /about/
::1:51422 [200]: /about/
::1:52259 [200]: /about/
::1:51625 [200]: /
::1:60521 [200]: /
::1:57748 [200]: /
::1:52505 [200]: /
::1:50704 [200]: /
::1:50237 [200]: /
::1:59645 [200]: /a-propos/
::1:54748 [200]: /section/
::1:54187 [200]: /section/a-propo-de-moi-suite/
::1:62761 [200]: /about/
::1:49855 [200]: /about/
::1:57257 [200]: /about/
::1:50348 [200]: /about/
::1:62824 [200]: /about/
::1:56642 [200]: /about/
::1:50725 [200]: /about/
::1:53927 [200]: /about/
::1:56147 [200]: /about/
::1:62960 [200]: /about/
::1:49678 [200]: /about/
::1:55149 [200]: /about/
::1:58344 [200]: /section/
::1:60759 [200]: /a-propos/
::1:51170 [200]: /a-propos/
::1:61267 [200]: /a-propos/
::1:49251 [200]: /
::1:62300 [200]: /a-propos/
::1:54669 [200]: /section/
::1:59366 [200]: /about/
::1:49302 [200]: /section/
::1:57982 [200]: /section/a-propo-de-moi-suite/
::1:62322 [200]: /
::1:63846 [200]: /a-propos/
::1:61866 [200]: /a-propos/1/
::1:54299 [200]: /section/
::1:61804 [200]: /about/
::1:58374 [200]: /a-propos/
::1:53657 [200]: /a-propos/
::1:58496 [200]: /a-propos/
::1:55673 [200]: /a-propos/
::1:64666 [200]: /a-propos/ce-que-je-fais/
::1:51957 [200]: /
::1:50970 [200]: /
::1:60098 [200]: /favicon.a1a341d8af398f91aa342189428bbdcf.ico
